Performing C++ SOURCE FILE Test UHD_ENABLE_X300_FW_RESET failed with the following output:
Change Dir: /home/minjubyeon/srsRAN_4G/build/CMakeFiles/CMakeTmp

Run Build Command(s):/usr/bin/gmake -f Makefile cmTC_9d1e8/fast && /usr/bin/gmake  -f CMakeFiles/cmTC_9d1e8.dir/build.make CMakeFiles/cmTC_9d1e8.dir/build
gmake[1]: 디렉터리 '/home/minjubyeon/srsRAN_4G/build/CMakeFiles/CMakeTmp' 들어감
Building CXX object CMakeFiles/cmTC_9d1e8.dir/src.cxx.o
/usr/bin/c++ -DUHD_ENABLE_X300_FW_RESET  -L/usr/lib/x86_64-linux-gnu -o CMakeFiles/cmTC_9d1e8.dir/src.cxx.o -c /home/minjubyeon/srsRAN_4G/build/CMakeFiles/CMakeTmp/src.cxx
Linking CXX executable cmTC_9d1e8
/usr/bin/cmake -E cmake_link_script CMakeFiles/cmTC_9d1e8.dir/link.txt --verbose=1
/usr/bin/c++   -L/usr/lib/x86_64-linux-gnu CMakeFiles/cmTC_9d1e8.dir/src.cxx.o -o cmTC_9d1e8  -luhd -lboost_program_options -lboost_system 
/usr/bin/ld: CMakeFiles/cmTC_9d1e8.dir/src.cxx.o: in function `try_usrp_x300_reset()':
src.cxx:(.text+0xea): undefined reference to `x300_make_ctrl_iface_enet(std::shared_ptr<uhd::transport::udp_simple>, bool)'
collect2: error: ld returned 1 exit status
gmake[1]: *** [CMakeFiles/cmTC_9d1e8.dir/build.make:99: cmTC_9d1e8] 오류 1
gmake[1]: 디렉터리 '/home/minjubyeon/srsRAN_4G/build/CMakeFiles/CMakeTmp' 나감
gmake: *** [Makefile:127: cmTC_9d1e8/fast] 오류 2


Source file was:
#include <uhd.h>
    #include <uhd/usrp/multi_usrp.hpp>
    #include <uhd/transport/udp_simple.hpp>

    uhd::wb_iface::sptr x300_make_ctrl_iface_enet(uhd::transport::udp_simple::sptr udp, bool enable_errors);

    uhd_error try_usrp_x300_reset()
    {
      uhd::transport::udp_simple::sptr udp_simple = uhd::transport::udp_simple::make_connected("", "49152");
      uhd::wb_iface::sptr x300_ctrl = x300_make_ctrl_iface_enet(udp_simple, true);
      x300_ctrl->poke32(0x100058, 1);
      return UHD_ERROR_NONE;
    }

    int main(int argc, char** argv)
    {
      try_usrp_x300_reset();
      return 0;
    }
Performing C++ SOURCE FILE Test UHD_ENABLE_RFNOC failed with the following output:
Change Dir: /home/minjubyeon/srsRAN_4G/build/CMakeFiles/CMakeTmp

Run Build Command(s):/usr/bin/gmake -f Makefile cmTC_ac076/fast && /usr/bin/gmake  -f CMakeFiles/cmTC_ac076.dir/build.make CMakeFiles/cmTC_ac076.dir/build
gmake[1]: 디렉터리 '/home/minjubyeon/srsRAN_4G/build/CMakeFiles/CMakeTmp' 들어감
Building CXX object CMakeFiles/cmTC_ac076.dir/src.cxx.o
/usr/bin/c++ -DUHD_ENABLE_RFNOC  -L/usr/lib/x86_64-linux-gnu -o CMakeFiles/cmTC_ac076.dir/src.cxx.o -c /home/minjubyeon/srsRAN_4G/build/CMakeFiles/CMakeTmp/src.cxx
/home/minjubyeon/srsRAN_4G/build/CMakeFiles/CMakeTmp/src.cxx:2:14: fatal error: uhd/device3.hpp: 그런 파일이나 디렉터리가 없습니다
    2 |     #include <uhd/device3.hpp>
      |              ^~~~~~~~~~~~~~~~~
compilation terminated.
gmake[1]: *** [CMakeFiles/cmTC_ac076.dir/build.make:78: CMakeFiles/cmTC_ac076.dir/src.cxx.o] 오류 1
gmake[1]: 디렉터리 '/home/minjubyeon/srsRAN_4G/build/CMakeFiles/CMakeTmp' 나감
gmake: *** [Makefile:127: cmTC_ac076/fast] 오류 2


Source file was:
#include <uhd.h>
    #include <uhd/device3.hpp>
    #include <uhd/rfnoc/ddc_block_ctrl.hpp>
    #include <uhd/rfnoc/radio_ctrl.hpp>

    static uhd::device3::sptr device3;
    static uhd::rfnoc::ddc_block_ctrl::sptr ddc_ctrl;
    static uhd::rfnoc::radio_ctrl::sptr radio_ctrl;

    uhd_error try_device3_ddc_ctrl()
    {
      ddc_ctrl = device3->get_block_ctrl<uhd::rfnoc::ddc_block_ctrl>(uhd::rfnoc::block_id_t("DDC_0"));
      return UHD_ERROR_NONE;
    }

    uhd_error try_device3_radio_ctrl()
    {
      radio_ctrl = device3->get_block_ctrl<uhd::rfnoc::radio_ctrl>(uhd::rfnoc::block_id_t("Radio_0"));
      return UHD_ERROR_NONE;
    }

    int main(int argc, char** argv)
    {
      try_device3_ddc_ctrl();
      try_device3_radio_ctrl();
      return 0;
    }
Performing C++ SOURCE FILE Test UHD_ENABLE_CUSTOM_RFNOC failed with the following output:
Change Dir: /home/minjubyeon/srsRAN_4G/build/CMakeFiles/CMakeTmp

Run Build Command(s):/usr/bin/gmake -f Makefile cmTC_82c9e/fast && /usr/bin/gmake  -f CMakeFiles/cmTC_82c9e.dir/build.make CMakeFiles/cmTC_82c9e.dir/build
gmake[1]: 디렉터리 '/home/minjubyeon/srsRAN_4G/build/CMakeFiles/CMakeTmp' 들어감
Building CXX object CMakeFiles/cmTC_82c9e.dir/src.cxx.o
/usr/bin/c++ -DUHD_ENABLE_CUSTOM_RFNOC  -L/usr/lib/x86_64-linux-gnu -o CMakeFiles/cmTC_82c9e.dir/src.cxx.o -c /home/minjubyeon/srsRAN_4G/build/CMakeFiles/CMakeTmp/src.cxx
/home/minjubyeon/srsRAN_4G/build/CMakeFiles/CMakeTmp/src.cxx:2:14: fatal error: uhd/device3.hpp: 그런 파일이나 디렉터리가 없습니다
    2 |     #include <uhd/device3.hpp>
      |              ^~~~~~~~~~~~~~~~~
compilation terminated.
gmake[1]: *** [CMakeFiles/cmTC_82c9e.dir/build.make:78: CMakeFiles/cmTC_82c9e.dir/src.cxx.o] 오류 1
gmake[1]: 디렉터리 '/home/minjubyeon/srsRAN_4G/build/CMakeFiles/CMakeTmp' 나감
gmake: *** [Makefile:127: cmTC_82c9e/fast] 오류 2


Source file was:
#include <uhd.h>
    #include <uhd/device3.hpp>
    #include <uhd/rfnoc/ddc_ch2_block_ctrl.hpp>

    static uhd::device3::sptr device3;
    static uhd::rfnoc::ddc_ch2_block_ctrl::sptr ddc_ctrl;

    uhd_error try_device3_ddc_ch2_ctrl()
    {
      ddc_ctrl = device3->get_block_ctrl<uhd::rfnoc::ddc_ch2_block_ctrl>(uhd::rfnoc::block_id_t("DDCch2_0"));
      return UHD_ERROR_NONE;
    }

    int main(int argc, char** argv)
    {
      try_device3_ddc_ch2_ctrl();
      return 0;
    }
Performing C SOURCE FILE Test HAVE_AVX512 failed with the following output:
Change Dir: /home/minjubyeon/srsRAN_4G/build/CMakeFiles/CMakeTmp

Run Build Command(s):/usr/bin/gmake -f Makefile cmTC_704ee/fast && /usr/bin/gmake  -f CMakeFiles/cmTC_704ee.dir/build.make CMakeFiles/cmTC_704ee.dir/build
gmake[1]: 디렉터리 '/home/minjubyeon/srsRAN_4G/build/CMakeFiles/CMakeTmp' 들어감
Building C object CMakeFiles/cmTC_704ee.dir/src.c.o
/usr/bin/cc   -DHAVE_AVX512 -mavx512f -mavx512cd -mavx512bw -mavx512dq -DLV_HAVE_AVX512 -o CMakeFiles/cmTC_704ee.dir/src.c.o -c /home/minjubyeon/srsRAN_4G/build/CMakeFiles/CMakeTmp/src.c
Linking C executable cmTC_704ee
/usr/bin/cmake -E cmake_link_script CMakeFiles/cmTC_704ee.dir/link.txt --verbose=1
/usr/bin/cc  -DHAVE_AVX512 -mavx512f -mavx512cd -mavx512bw -mavx512dq -DLV_HAVE_AVX512 CMakeFiles/cmTC_704ee.dir/src.c.o -o cmTC_704ee 
gmake[1]: 디렉터리 '/home/minjubyeon/srsRAN_4G/build/CMakeFiles/CMakeTmp' 나감


Return value: FAILED_TO_RUN
Source file was:

          #include <immintrin.h>
          int main()
          {
            __m512i a, b, c;
            const int src[16] = { 0x0, 0x1, 0x2, 0x3, 0x4, 0x5, 0x6, 0x7, 0x8 , 0x9, 0xA, 0xB, 0xC, 0xD, 0xE, 0xF};
            int dst[16];
            a =  _mm512_loadu_si512( (__m512i*)src );
            b =  _mm512_loadu_si512( (__m512i*)src );
            c = _mm512_add_epi32( a, b );
            _mm512_storeu_si512( (__m512i*)dst, c );
            int i = 0;
            for( i = 0; i < 16; i++ ){
              if( ( src[i] + src[i] ) != dst[i] ){
                return -1;
              }
            }
            return 0;
          }
Performing C++ SOURCE FILE Test UHD_ENABLE_X300_FW_RESET failed with the following output:
Change Dir: /home/minjubyeon/srsRAN_4G/build/CMakeFiles/CMakeTmp

Run Build Command(s):/usr/bin/gmake -f Makefile cmTC_7e105/fast && /usr/bin/gmake  -f CMakeFiles/cmTC_7e105.dir/build.make CMakeFiles/cmTC_7e105.dir/build
gmake[1]: 디렉터리 '/home/minjubyeon/srsRAN_4G/build/CMakeFiles/CMakeTmp' 들어감
Building CXX object CMakeFiles/cmTC_7e105.dir/src.cxx.o
/usr/bin/c++ -DUHD_ENABLE_X300_FW_RESET  -L/usr/lib/x86_64-linux-gnu -o CMakeFiles/cmTC_7e105.dir/src.cxx.o -c /home/minjubyeon/srsRAN_4G/build/CMakeFiles/CMakeTmp/src.cxx
Linking CXX executable cmTC_7e105
/usr/bin/cmake -E cmake_link_script CMakeFiles/cmTC_7e105.dir/link.txt --verbose=1
/usr/bin/c++   -L/usr/lib/x86_64-linux-gnu CMakeFiles/cmTC_7e105.dir/src.cxx.o -o cmTC_7e105  -luhd -lboost_program_options -lboost_system 
/usr/bin/ld: CMakeFiles/cmTC_7e105.dir/src.cxx.o: in function `try_usrp_x300_reset()':
src.cxx:(.text+0xea): undefined reference to `x300_make_ctrl_iface_enet(std::shared_ptr<uhd::transport::udp_simple>, bool)'
collect2: error: ld returned 1 exit status
gmake[1]: *** [CMakeFiles/cmTC_7e105.dir/build.make:99: cmTC_7e105] 오류 1
gmake[1]: 디렉터리 '/home/minjubyeon/srsRAN_4G/build/CMakeFiles/CMakeTmp' 나감
gmake: *** [Makefile:127: cmTC_7e105/fast] 오류 2


Source file was:
#include <uhd.h>
    #include <uhd/usrp/multi_usrp.hpp>
    #include <uhd/transport/udp_simple.hpp>

    uhd::wb_iface::sptr x300_make_ctrl_iface_enet(uhd::transport::udp_simple::sptr udp, bool enable_errors);

    uhd_error try_usrp_x300_reset()
    {
      uhd::transport::udp_simple::sptr udp_simple = uhd::transport::udp_simple::make_connected("", "49152");
      uhd::wb_iface::sptr x300_ctrl = x300_make_ctrl_iface_enet(udp_simple, true);
      x300_ctrl->poke32(0x100058, 1);
      return UHD_ERROR_NONE;
    }

    int main(int argc, char** argv)
    {
      try_usrp_x300_reset();
      return 0;
    }
Performing C++ SOURCE FILE Test UHD_ENABLE_RFNOC failed with the following output:
Change Dir: /home/minjubyeon/srsRAN_4G/build/CMakeFiles/CMakeTmp

Run Build Command(s):/usr/bin/gmake -f Makefile cmTC_6a2b8/fast && /usr/bin/gmake  -f CMakeFiles/cmTC_6a2b8.dir/build.make CMakeFiles/cmTC_6a2b8.dir/build
gmake[1]: 디렉터리 '/home/minjubyeon/srsRAN_4G/build/CMakeFiles/CMakeTmp' 들어감
Building CXX object CMakeFiles/cmTC_6a2b8.dir/src.cxx.o
/usr/bin/c++ -DUHD_ENABLE_RFNOC  -L/usr/lib/x86_64-linux-gnu -o CMakeFiles/cmTC_6a2b8.dir/src.cxx.o -c /home/minjubyeon/srsRAN_4G/build/CMakeFiles/CMakeTmp/src.cxx
/home/minjubyeon/srsRAN_4G/build/CMakeFiles/CMakeTmp/src.cxx:2:14: fatal error: uhd/device3.hpp: 그런 파일이나 디렉터리가 없습니다
    2 |     #include <uhd/device3.hpp>
      |              ^~~~~~~~~~~~~~~~~
compilation terminated.
gmake[1]: *** [CMakeFiles/cmTC_6a2b8.dir/build.make:78: CMakeFiles/cmTC_6a2b8.dir/src.cxx.o] 오류 1
gmake[1]: 디렉터리 '/home/minjubyeon/srsRAN_4G/build/CMakeFiles/CMakeTmp' 나감
gmake: *** [Makefile:127: cmTC_6a2b8/fast] 오류 2


Source file was:
#include <uhd.h>
    #include <uhd/device3.hpp>
    #include <uhd/rfnoc/ddc_block_ctrl.hpp>
    #include <uhd/rfnoc/radio_ctrl.hpp>

    static uhd::device3::sptr device3;
    static uhd::rfnoc::ddc_block_ctrl::sptr ddc_ctrl;
    static uhd::rfnoc::radio_ctrl::sptr radio_ctrl;

    uhd_error try_device3_ddc_ctrl()
    {
      ddc_ctrl = device3->get_block_ctrl<uhd::rfnoc::ddc_block_ctrl>(uhd::rfnoc::block_id_t("DDC_0"));
      return UHD_ERROR_NONE;
    }

    uhd_error try_device3_radio_ctrl()
    {
      radio_ctrl = device3->get_block_ctrl<uhd::rfnoc::radio_ctrl>(uhd::rfnoc::block_id_t("Radio_0"));
      return UHD_ERROR_NONE;
    }

    int main(int argc, char** argv)
    {
      try_device3_ddc_ctrl();
      try_device3_radio_ctrl();
      return 0;
    }
Performing C++ SOURCE FILE Test UHD_ENABLE_CUSTOM_RFNOC failed with the following output:
Change Dir: /home/minjubyeon/srsRAN_4G/build/CMakeFiles/CMakeTmp

Run Build Command(s):/usr/bin/gmake -f Makefile cmTC_80c5e/fast && /usr/bin/gmake  -f CMakeFiles/cmTC_80c5e.dir/build.make CMakeFiles/cmTC_80c5e.dir/build
gmake[1]: 디렉터리 '/home/minjubyeon/srsRAN_4G/build/CMakeFiles/CMakeTmp' 들어감
Building CXX object CMakeFiles/cmTC_80c5e.dir/src.cxx.o
/usr/bin/c++ -DUHD_ENABLE_CUSTOM_RFNOC  -L/usr/lib/x86_64-linux-gnu -o CMakeFiles/cmTC_80c5e.dir/src.cxx.o -c /home/minjubyeon/srsRAN_4G/build/CMakeFiles/CMakeTmp/src.cxx
/home/minjubyeon/srsRAN_4G/build/CMakeFiles/CMakeTmp/src.cxx:2:14: fatal error: uhd/device3.hpp: 그런 파일이나 디렉터리가 없습니다
    2 |     #include <uhd/device3.hpp>
      |              ^~~~~~~~~~~~~~~~~
compilation terminated.
gmake[1]: *** [CMakeFiles/cmTC_80c5e.dir/build.make:78: CMakeFiles/cmTC_80c5e.dir/src.cxx.o] 오류 1
gmake[1]: 디렉터리 '/home/minjubyeon/srsRAN_4G/build/CMakeFiles/CMakeTmp' 나감
gmake: *** [Makefile:127: cmTC_80c5e/fast] 오류 2


Source file was:
#include <uhd.h>
    #include <uhd/device3.hpp>
    #include <uhd/rfnoc/ddc_ch2_block_ctrl.hpp>

    static uhd::device3::sptr device3;
    static uhd::rfnoc::ddc_ch2_block_ctrl::sptr ddc_ctrl;

    uhd_error try_device3_ddc_ch2_ctrl()
    {
      ddc_ctrl = device3->get_block_ctrl<uhd::rfnoc::ddc_ch2_block_ctrl>(uhd::rfnoc::block_id_t("DDCch2_0"));
      return UHD_ERROR_NONE;
    }

    int main(int argc, char** argv)
    {
      try_device3_ddc_ch2_ctrl();
      return 0;
    }
Performing C SOURCE FILE Test HAVE_AVX512 failed with the following output:
Change Dir: /home/minjubyeon/srsRAN_4G/build/CMakeFiles/CMakeTmp

Run Build Command(s):/usr/bin/gmake -f Makefile cmTC_45ff0/fast && /usr/bin/gmake  -f CMakeFiles/cmTC_45ff0.dir/build.make CMakeFiles/cmTC_45ff0.dir/build
gmake[1]: 디렉터리 '/home/minjubyeon/srsRAN_4G/build/CMakeFiles/CMakeTmp' 들어감
Building C object CMakeFiles/cmTC_45ff0.dir/src.c.o
/usr/bin/cc   -DHAVE_AVX512 -mavx512f -mavx512cd -mavx512bw -mavx512dq -DLV_HAVE_AVX512 -o CMakeFiles/cmTC_45ff0.dir/src.c.o -c /home/minjubyeon/srsRAN_4G/build/CMakeFiles/CMakeTmp/src.c
Linking C executable cmTC_45ff0
/usr/bin/cmake -E cmake_link_script CMakeFiles/cmTC_45ff0.dir/link.txt --verbose=1
/usr/bin/cc  -DHAVE_AVX512 -mavx512f -mavx512cd -mavx512bw -mavx512dq -DLV_HAVE_AVX512 CMakeFiles/cmTC_45ff0.dir/src.c.o -o cmTC_45ff0 
gmake[1]: 디렉터리 '/home/minjubyeon/srsRAN_4G/build/CMakeFiles/CMakeTmp' 나감


Return value: FAILED_TO_RUN
Source file was:

          #include <immintrin.h>
          int main()
          {
            __m512i a, b, c;
            const int src[16] = { 0x0, 0x1, 0x2, 0x3, 0x4, 0x5, 0x6, 0x7, 0x8 , 0x9, 0xA, 0xB, 0xC, 0xD, 0xE, 0xF};
            int dst[16];
            a =  _mm512_loadu_si512( (__m512i*)src );
            b =  _mm512_loadu_si512( (__m512i*)src );
            c = _mm512_add_epi32( a, b );
            _mm512_storeu_si512( (__m512i*)dst, c );
            int i = 0;
            for( i = 0; i < 16; i++ ){
              if( ( src[i] + src[i] ) != dst[i] ){
                return -1;
              }
            }
            return 0;
          }
